2025-05-08 15:57:19,901 - src.repositories.area_repository - ERROR - Database operation failed expected ORM mapped attribute for loader strategy argument
Traceback (most recent call last):
  File "C:\Users\cavidan\JetBrainsProjects\PyCharm\wmmanager-server-master\src\repositories\area_repository.py", line 150, in fetch
    joinedload(AreaModel.stock).joinedload(StockModel.warehouses).joinedload(WarehouseModel),
    ~~~~~~~~~~~~~~~~~~~~~~~~~~~~~~~~~~~~~~~~~~~~~~~~~~~~~~~~~~~~~~~~~~~~~~~~^^^^^^^^^^^^^^^^
  File "C:\Users\cavidan\JetBrainsProjects\PyCharm\wmmanager-server-master\.venv\Lib\site-packages\sqlalchemy\orm\strategy_options.py", line 319, in joinedload
    loader = self._set_relationship_strategy(
        attr,
    ...<5 lines>...
        ),
    )
  File "<string>", line 2, in _set_relationship_strategy
  File "C:\Users\cavidan\JetBrainsProjects\PyCharm\wmmanager-server-master\.venv\Lib\site-packages\sqlalchemy\sql\base.py", line 280, in _generative
    x = fn(self, *args, **kw)
  File "C:\Users\cavidan\JetBrainsProjects\PyCharm\wmmanager-server-master\.venv\Lib\site-packages\sqlalchemy\orm\strategy_options.py", line 806, in _set_relationship_strategy
    self._clone_for_bind_strategy(
    ~~~~~~~~~~~~~~~~~~~~~~~~~~~~~^
        (attr,),
        ^^^^^^^^
    ...<4 lines>...
        reconcile_to_other=_reconcile_to_other,
        ^^^^^^^^^^^^^^^^^^^^^^^^^^^^^^^^^^^^^^^
    )
    ^
  File "C:\Users\cavidan\JetBrainsProjects\PyCharm\wmmanager-server-master\.venv\Lib\site-packages\sqlalchemy\orm\strategy_options.py", line 1299, in _clone_for_bind_strategy
    load_element = _AttributeStrategyLoad.create(
        self.path,
    ...<7 lines>...
        extra_criteria=extra_criteria,
    )
  File "C:\Users\cavidan\JetBrainsProjects\PyCharm\wmmanager-server-master\.venv\Lib\site-packages\sqlalchemy\orm\strategy_options.py", line 1764, in create
    path = opt._init_path(
        path, attr, wildcard_key, attr_group, raiseerr, extra_criteria
    )
  File "C:\Users\cavidan\JetBrainsProjects\PyCharm\wmmanager-server-master\.venv\Lib\site-packages\sqlalchemy\orm\strategy_options.py", line 1914, in _init_path
    insp, _, prop = _parse_attr_argument(attr)
                    ~~~~~~~~~~~~~~~~~~~~^^^^^^
  File "C:\Users\cavidan\JetBrainsProjects\PyCharm\wmmanager-server-master\.venv\Lib\site-packages\sqlalchemy\orm\strategy_options.py", line 2373, in _parse_attr_argument
    raise sa_exc.ArgumentError(
        "expected ORM mapped attribute for loader strategy argument"
    )
sqlalchemy.exc.ArgumentError: expected ORM mapped attribute for loader strategy argument
2025-05-08 16:00:05,514 - src.repositories.area_repository - ERROR - Database operation failed expected ORM mapped attribute for loader strategy argument
Traceback (most recent call last):
  File "C:\Users\cavidan\JetBrainsProjects\PyCharm\wmmanager-server-master\src\repositories\area_repository.py", line 150, in fetch
    joinedload(AreaModel.stock).joinedload(StockModel.warehouses).joinedload(WarehouseModel),
    ~~~~~~~~~~~~~~~~~~~~~~~~~~~~~~~~~~~~~~~~~~~~~~~~~~~~~~~~~~~~~~~~~~~~~~~~^^^^^^^^^^^^^^^^
  File "C:\Users\cavidan\JetBrainsProjects\PyCharm\wmmanager-server-master\.venv\Lib\site-packages\sqlalchemy\orm\strategy_options.py", line 319, in joinedload
    loader = self._set_relationship_strategy(
        attr,
    ...<5 lines>...
        ),
    )
  File "<string>", line 2, in _set_relationship_strategy
  File "C:\Users\cavidan\JetBrainsProjects\PyCharm\wmmanager-server-master\.venv\Lib\site-packages\sqlalchemy\sql\base.py", line 280, in _generative
    x = fn(self, *args, **kw)
  File "C:\Users\cavidan\JetBrainsProjects\PyCharm\wmmanager-server-master\.venv\Lib\site-packages\sqlalchemy\orm\strategy_options.py", line 806, in _set_relationship_strategy
    self._clone_for_bind_strategy(
    ~~~~~~~~~~~~~~~~~~~~~~~~~~~~~^
        (attr,),
        ^^^^^^^^
    ...<4 lines>...
        reconcile_to_other=_reconcile_to_other,
        ^^^^^^^^^^^^^^^^^^^^^^^^^^^^^^^^^^^^^^^
    )
    ^
  File "C:\Users\cavidan\JetBrainsProjects\PyCharm\wmmanager-server-master\.venv\Lib\site-packages\sqlalchemy\orm\strategy_options.py", line 1299, in _clone_for_bind_strategy
    load_element = _AttributeStrategyLoad.create(
        self.path,
    ...<7 lines>...
        extra_criteria=extra_criteria,
    )
  File "C:\Users\cavidan\JetBrainsProjects\PyCharm\wmmanager-server-master\.venv\Lib\site-packages\sqlalchemy\orm\strategy_options.py", line 1764, in create
    path = opt._init_path(
        path, attr, wildcard_key, attr_group, raiseerr, extra_criteria
    )
  File "C:\Users\cavidan\JetBrainsProjects\PyCharm\wmmanager-server-master\.venv\Lib\site-packages\sqlalchemy\orm\strategy_options.py", line 1914, in _init_path
    insp, _, prop = _parse_attr_argument(attr)
                    ~~~~~~~~~~~~~~~~~~~~^^^^^^
  File "C:\Users\cavidan\JetBrainsProjects\PyCharm\wmmanager-server-master\.venv\Lib\site-packages\sqlalchemy\orm\strategy_options.py", line 2373, in _parse_attr_argument
    raise sa_exc.ArgumentError(
        "expected ORM mapped attribute for loader strategy argument"
    )
sqlalchemy.exc.ArgumentError: expected ORM mapped attribute for loader strategy argument
