2025-05-07 19:57:22,279 - src.repositories.user_repository - INFO - bkendir@ustay.com try to login
2025-05-07 19:57:22,284 - src.repositories.user_repository - INFO - bkendir@ustay.com find in database
2025-05-08 06:53:30,082 - src.repositories.user_repository - INFO - kerdogan@ustay.com try to login
2025-05-08 06:53:30,086 - src.repositories.user_repository - INFO - kerdogan@ustay.com find in database
2025-05-08 06:53:30,177 - src.repositories.user_repository - ERROR - For 7, Refresh token can't save 
2025-05-08 06:53:30,177 - src.repositories.user_repository - ERROR - For 7, manage refresh token error 404: Refresh Token can't save Class 'sqlalchemy.engine.cursor.CursorResult' is not mapped
2025-05-08 06:53:35,788 - src.repositories.user_repository - INFO - kerdogan@ustay.com try to login
2025-05-08 06:53:35,793 - src.repositories.user_repository - INFO - kerdogan@ustay.com find in database
2025-05-08 06:53:35,888 - src.repositories.user_repository - ERROR - For 7, Refresh token can't save 
2025-05-08 06:53:35,888 - src.repositories.user_repository - ERROR - For 7, manage refresh token error 404: Refresh Token can't save Class 'sqlalchemy.engine.cursor.CursorResult' is not mapped
2025-05-08 06:53:37,178 - src.repositories.user_repository - INFO - kerdogan@ustay.com try to login
2025-05-08 06:53:37,182 - src.repositories.user_repository - INFO - kerdogan@ustay.com find in database
2025-05-08 06:53:37,286 - src.repositories.user_repository - ERROR - For 7, Refresh token can't save 
2025-05-08 06:53:37,286 - src.repositories.user_repository - ERROR - For 7, manage refresh token error 404: Refresh Token can't save Class 'sqlalchemy.engine.cursor.CursorResult' is not mapped
2025-05-08 06:53:56,531 - src.repositories.user_repository - INFO - bkendir@ustay.com try to login
2025-05-08 06:53:56,541 - src.repositories.user_repository - INFO - bkendir@ustay.com find in database
2025-05-08 06:53:56,693 - src.repositories.user_repository - ERROR - For 4, Refresh token can't save 
2025-05-08 06:53:56,693 - src.repositories.user_repository - ERROR - For 4, manage refresh token error 404: Refresh Token can't save Class 'sqlalchemy.engine.cursor.CursorResult' is not mapped
2025-05-08 07:02:17,035 - src.repositories.user_repository - INFO - bkendir@ustay.com try to login
2025-05-08 07:02:17,041 - src.repositories.user_repository - INFO - bkendir@ustay.com find in database
2025-05-08 07:02:17,146 - src.repositories.user_repository - ERROR - For 4, Refresh token can't save 
2025-05-08 07:02:17,146 - src.repositories.user_repository - ERROR - For 4, manage refresh token error 404: Refresh Token can't save Class 'sqlalchemy.engine.cursor.CursorResult' is not mapped
2025-05-08 07:09:56,893 - src.repositories.user_repository - INFO - bkendir@ustay.com try to login
2025-05-08 07:09:56,900 - src.repositories.user_repository - INFO - bkendir@ustay.com find in database
2025-05-08 07:09:57,074 - src.repositories.user_repository - ERROR - For 4, Refresh token can't save 
2025-05-08 07:09:57,075 - src.repositories.user_repository - ERROR - For 4, manage refresh token error 404: Refresh Token can't save Class 'sqlalchemy.engine.cursor.CursorResult' is not mapped
2025-05-08 07:10:39,189 - src.repositories.user_repository - INFO - bkendir@ustay.com try to login
2025-05-08 07:10:39,196 - src.repositories.user_repository - INFO - bkendir@ustay.com find in database
2025-05-08 07:10:42,503 - src.repositories.user_repository - INFO - bkendir@ustay.com try to login
2025-05-08 07:10:42,506 - src.repositories.user_repository - INFO - bkendir@ustay.com find in database
2025-05-08 07:10:57,432 - src.repositories.user_repository - INFO - bkendir@ustay.com try to login
2025-05-08 07:10:57,441 - src.repositories.user_repository - INFO - bkendir@ustay.com find in database
2025-05-08 14:13:35,258 - src.repositories.user_repository - INFO - bkendir@ustay.com try to login
2025-05-08 14:13:35,265 - src.repositories.user_repository - INFO - bkendir@ustay.com find in database
2025-05-08 14:14:15,159 - src.repositories.user_repository - INFO - kerdogan@ustay.com try to login
2025-05-08 14:14:15,166 - src.repositories.user_repository - INFO - kerdogan@ustay.com find in database
2025-05-08 14:14:51,345 - src.repositories.user_repository - INFO - hkoylu@ustay.com try to login
2025-05-08 14:14:51,352 - src.repositories.user_repository - INFO - hkoylu@ustay.com find in database
2025-05-08 14:16:13,626 - src.repositories.user_repository - INFO - kerdogan@ustay.com try to login
2025-05-08 14:16:13,633 - src.repositories.user_repository - INFO - kerdogan@ustay.com find in database
2025-05-08 14:16:33,140 - src.repositories.user_repository - INFO - bkendir@ustay.com try to login
2025-05-08 14:16:33,152 - src.repositories.user_repository - INFO - bkendir@ustay.com find in database
2025-05-08 15:56:01,632 - src.repositories.user_repository - INFO - kerdogan@ustay.com try to login
2025-05-08 15:56:01,638 - src.repositories.user_repository - INFO - kerdogan@ustay.com find in database
2025-05-08 16:01:21,074 - src.repositories.user_repository - INFO - hkoylu@ustay.com try to login
2025-05-08 16:01:21,078 - src.repositories.user_repository - INFO - hkoylu@ustay.com find in database
